Detecting compiler hash for triplet x64-linux...
Compiler found: /usr/bin/c++
The following packages are already installed:
    glfw3:x64-linux@3.4#1 -- git+https://github.com/microsoft/vcpkg@d4bbd4f27c2ca619f57778985120cddcedadb1cc
  * vcpkg-cmake:x64-linux@2024-04-23 -- git+https://github.com/microsoft/vcpkg@e74aa1e8f93278a8e71372f1fa08c3df420eb840
  * vcpkg-cmake-config:x64-linux@2024-05-23 -- git+https://github.com/microsoft/vcpkg@97a63e4bc1a17422ffe4eff71da53b4b561a7841
The following packages will be built and installed:
  * egl-registry:x64-linux@2024-01-25 -- git+https://github.com/microsoft/vcpkg@d883db43133dd223c4ffdbef4193943f6784d43a
    glad[core,loader]:x64-linux@0.1.36 -- git+https://github.com/microsoft/vcpkg@fa93b14c1581057e1d14650f5f15c9b0757dd548
  * opengl-registry:x64-linux@2024-02-10#1 -- git+https://github.com/microsoft/vcpkg@22f7aa58ee78c9f0db904b6251e9265f2be26f9d
Additional packages (*) will be modified to complete this operation.
Restored 3 package(s) from /home/vscode/.cache/vcpkg/archives in 24.3 ms. Use --debug to see more details.
Installing 1/3 egl-registry:x64-linux@2024-01-25...
Elapsed time to handle egl-registry:x64-linux: 2.73 ms
egl-registry:x64-linux package ABI: fbbbc6d62520958cfbd66a11ee8d8b093ff47f8e6ad4051b7de88a5017b11d39
Installing 2/3 opengl-registry:x64-linux@2024-02-10#1...
Elapsed time to handle opengl-registry:x64-linux: 5.95 ms
opengl-registry:x64-linux package ABI: 6782c092e1a1210cdd97021c0bf51cbac9d7da03a544610bef2ac98d19800972
Installing 3/3 glad[core,loader]:x64-linux@0.1.36...
Elapsed time to handle glad:x64-linux: 2.07 ms
glad:x64-linux package ABI: 76bba8d2bd21db82d7e8210e21fdd2b70ceb05dedfd10e6d4a6b19bd7de9a153
Installed contents are licensed to you by owners. Microsoft is not responsible for, nor does it grant any licenses to, third-party packages.
Some packages did not declare an SPDX license. Check the `copyright` file for each package for more information about their licensing.
Packages installed in this vcpkg installation declare the following licenses:
MIT
glad provides CMake targets:

  # this is heuristically generated, and may not be correct
  find_package(glad CONFIG REQUIRED)
  target_link_libraries(main PRIVATE glad::glad)

glfw3 provides CMake targets:

  # this is heuristically generated, and may not be correct
  find_package(glfw3 CONFIG REQUIRED)
  target_link_libraries(main PRIVATE glfw)

glfw3 provides pkg-config modules:

  # A multi-platform library for OpenGL, window and input
  glfw3

All requested installations completed successfully in: 11.2 ms
